<?xml version="1.0" encoding="UTF-8"?>
<!-- Generated by org.testng.reporters.JUnitReportReporter -->
<testsuite hostname="Gagan" failures="0" tests="1" name="com.actiTime.testscript.DemoTestNG" time="0.007" errors="0" timestamp="2024-03-26T00:01:23 IST" skipped="0">
  <testcase classname="com.actiTime.testscript.DemoTestNG" name="test" time="0.007"/>
  <system-out>
    <![CDATA[Welcome]]>
  </system-out>
</testsuite> <!-- com.actiTime.testscript.DemoTestNG -->
